2026-03-11 17:23:44 | WARNING  | src.knowledge_base:<module>:18 - sentence-transformers not available, using basic search
2026-03-11 17:24:43 | WARNING  | src.knowledge_base:<module>:18 - sentence-transformers not available, using basic search
2026-03-11 17:25:37 | WARNING  | src.knowledge_base:<module>:18 - sentence-transformers not available, using basic search
2026-03-11 17:38:28 | WARNING  | src.knowledge_base:<module>:18 - sentence-transformers not available, using basic search
2026-03-11 17:38:56 | WARNING  | src.knowledge_base:<module>:18 - sentence-transformers not available, using basic search
2026-03-11 17:39:07 | WARNING  | src.knowledge_base:<module>:18 - sentence-transformers not available, using basic search
2026-03-11 17:39:47 | WARNING  | src.knowledge_base:<module>:18 - sentence-transformers not available, using basic search
2026-03-11 20:24:13 | WARNING  | src.knowledge_base:<module>:18 - sentence-transformers not available, using basic search
2026-03-11 20:24:13 | INFO     | src.autonomous_agent:__init__:82 - ======================================================================
2026-03-11 20:24:13 | INFO     | src.autonomous_agent:__init__:83 - INITIALIZING GENERATION 2: ADVANCED AUTONOMOUS AI SYSTEM
2026-03-11 20:24:13 | INFO     | src.autonomous_agent:__init__:84 - ======================================================================
2026-03-11 20:24:13 | INFO     | src.autonomous_agent:__init__:85 - Building self-learning, self-improving, self-modifying AI...
2026-03-11 20:24:13 | INFO     | src.autonomous_agent:__init__:86 - 
2026-03-11 20:24:13 | INFO     | src.autonomous_agent:__init__:89 - [INIT] Core Foundation Components...
2026-03-11 20:24:13 | INFO     | src.knowledge_base:__init__:41 -  Knowledge Base initialized
2026-03-11 20:24:13 | INFO     | src.memory_manager:__init__:25 -  Memory Manager initialized
2026-03-11 20:24:13 | INFO     | src.learning_engine:__init__:27 -  Learning Engine initialized
2026-03-11 20:24:13 | INFO     | src.reasoning_engine:__init__:23 -  Reasoning Engine initialized
2026-03-11 20:24:13 | INFO     | src.web_crawler:__init__:26 -  Web Crawler initialized
2026-03-11 20:24:13 | INFO     | src.autonomous_agent:__init__:97 - [INIT] Self-Awareness Layer...
2026-03-11 20:24:13 | INFO     | src.self_model:__init__:34 -  Self-Model Engine initialized
2026-03-11 20:24:13 | INFO     | src.bayesian_reasoner:load_beliefs:53 -  Bayesian beliefs loaded
2026-03-11 20:24:13 | INFO     | src.bayesian_reasoner:__init__:32 -  Bayesian Reasoning Core initialized
2026-03-11 20:24:13 | INFO     | src.meta_learner:load_meta_learning_state:103 -  Meta-learning state loaded
2026-03-11 20:24:13 | INFO     | src.meta_learner:__init__:36 -  Meta-Learning Engine initialized
2026-03-11 20:24:13 | INFO     | src.autonomous_goal_generator:load_generated_goals:57 -  Loaded 0 autonomous goals
2026-03-11 20:24:13 | INFO     | src.autonomous_goal_generator:__init__:38 -  Autonomous Goal Generator initialized
2026-03-11 20:24:13 | INFO     | src.introspection_engine:load_introspection_data:51 -  Introspection data loaded
2026-03-11 20:24:13 | INFO     | src.introspection_engine:__init__:38 -  Introspection Engine initialized
2026-03-11 20:24:13 | INFO     | src.memory_consolidation:__init__:33 -  Memory Consolidation Engine initialized
2026-03-11 20:24:13 | INFO     | src.error_recovery:load_history:62 -  Error history loaded: 0 errors
2026-03-11 20:24:13 | INFO     | src.error_recovery:__init__:35 -  Error Recovery System initialized
2026-03-11 20:24:13 | INFO     | src.autonomous_agent:__init__:107 - [INIT] Integration & Monitoring Layer...
2026-03-11 20:24:13 | INFO     | src.autonomous_agent:__init__:113 - [INIT] SUPER-LEARNING ENGINES...
2026-03-11 20:24:13 | INFO     | src.autonomous_agent:__init__:114 -   [+] Theory Building Engine
2026-03-11 20:24:13 | INFO     | src.theory_building_engine:__init__:65 - [THEORY] Theory Building Engine initialized
2026-03-11 20:24:13 | INFO     | src.autonomous_agent:__init__:117 -   [+] Curriculum Learning System
2026-03-11 20:24:13 | INFO     | src.curriculum_learning_system:__init__:91 - [CURRICULUM] Curriculum Learning System initialized
2026-03-11 20:24:13 | INFO     | src.autonomous_agent:__init__:120 -   [+] Knowledge Synthesis Engine
2026-03-11 20:24:13 | INFO     | src.knowledge_synthesis_engine:__init__:59 - [SYNTHESIS] Knowledge Synthesis Engine initialized
2026-03-11 20:24:13 | INFO     | src.autonomous_agent:__init__:123 -   [+] Adaptive Reasoning Engine
2026-03-11 20:24:13 | INFO     | src.adaptive_reasoning_engine:__init__:60 - [REASONING] Adaptive Reasoning Engine initialized with 10 base strategies
2026-03-11 20:24:13 | INFO     | src.autonomous_agent:__init__:126 -   [+] Capability Expansion Engine
2026-03-11 20:24:13 | INFO     | src.capability_expansion_engine:__init__:63 - [EXPANSION] Capability Expansion Engine initialized
2026-03-11 20:24:13 | INFO     | src.autonomous_agent:__init__:129 -   [+] Evolutionary Learning Engine
2026-03-11 20:24:13 | INFO     | src.evolutionary_learning:_initialize_population:104 - [EVOLUTION] Initial population created
2026-03-11 20:24:13 | INFO     | src.evolutionary_learning:__init__:57 - [EVOLUTION] Evolutionary Learning Engine initialized with population size 100
2026-03-11 20:24:13 | INFO     | src.autonomous_agent:__init__:132 -   [+] Attention System
2026-03-11 20:24:13 | INFO     | src.attention_system:__init__:56 - [ATTENTION] Attention System initialized
2026-03-11 20:24:13 | INFO     | src.autonomous_agent:__init__:135 -   [+] Architectural Modifier
2026-03-11 20:24:13 | INFO     | src.architectural_modifier:__init__:56 - [ARCHITECTURE] Architectural Modifier initialized
2026-03-11 20:24:13 | INFO     | src.autonomous_agent:__init__:146 - [INIT] Registering core capabilities...
2026-03-11 20:24:13 | INFO     | src.autonomous_agent:__init__:150 - [INIT] Initializing monitoring...
2026-03-11 20:24:38 | WARNING  | src.knowledge_base:<module>:18 - sentence-transformers not available, using basic search
2026-03-11 20:24:38 | INFO     | src.autonomous_agent:__init__:82 - ======================================================================
2026-03-11 20:24:38 | INFO     | src.autonomous_agent:__init__:83 - INITIALIZING GENERATION 2: ADVANCED AUTONOMOUS AI SYSTEM
2026-03-11 20:24:38 | INFO     | src.autonomous_agent:__init__:84 - ======================================================================
2026-03-11 20:24:38 | INFO     | src.autonomous_agent:__init__:85 - Building self-learning, self-improving, self-modifying AI...
2026-03-11 20:24:38 | INFO     | src.autonomous_agent:__init__:86 - 
2026-03-11 20:24:38 | INFO     | src.autonomous_agent:__init__:89 - [INIT] Core Foundation Components...
2026-03-11 20:24:38 | INFO     | src.knowledge_base:__init__:41 -  Knowledge Base initialized
2026-03-11 20:24:38 | INFO     | src.memory_manager:__init__:25 -  Memory Manager initialized
2026-03-11 20:24:38 | INFO     | src.learning_engine:__init__:27 -  Learning Engine initialized
2026-03-11 20:24:38 | INFO     | src.reasoning_engine:__init__:23 -  Reasoning Engine initialized
2026-03-11 20:24:38 | INFO     | src.web_crawler:__init__:26 -  Web Crawler initialized
2026-03-11 20:24:38 | INFO     | src.autonomous_agent:__init__:97 - [INIT] Self-Awareness Layer...
2026-03-11 20:24:38 | INFO     | src.self_model:__init__:34 -  Self-Model Engine initialized
2026-03-11 20:24:38 | INFO     | src.bayesian_reasoner:load_beliefs:53 -  Bayesian beliefs loaded
2026-03-11 20:24:38 | INFO     | src.bayesian_reasoner:__init__:32 -  Bayesian Reasoning Core initialized
2026-03-11 20:24:38 | INFO     | src.meta_learner:load_meta_learning_state:103 -  Meta-learning state loaded
2026-03-11 20:24:38 | INFO     | src.meta_learner:__init__:36 -  Meta-Learning Engine initialized
2026-03-11 20:24:38 | INFO     | src.autonomous_goal_generator:load_generated_goals:57 -  Loaded 0 autonomous goals
2026-03-11 20:24:38 | INFO     | src.autonomous_goal_generator:__init__:38 -  Autonomous Goal Generator initialized
2026-03-11 20:24:38 | INFO     | src.introspection_engine:load_introspection_data:51 -  Introspection data loaded
2026-03-11 20:24:38 | INFO     | src.introspection_engine:__init__:38 -  Introspection Engine initialized
2026-03-11 20:24:38 | INFO     | src.memory_consolidation:__init__:33 -  Memory Consolidation Engine initialized
2026-03-11 20:24:38 | INFO     | src.error_recovery:load_history:62 -  Error history loaded: 0 errors
2026-03-11 20:24:38 | INFO     | src.error_recovery:__init__:35 -  Error Recovery System initialized
2026-03-11 20:24:38 | INFO     | src.autonomous_agent:__init__:107 - [INIT] Integration & Monitoring Layer...
2026-03-11 20:24:38 | INFO     | src.autonomous_agent:__init__:113 - [INIT] SUPER-LEARNING ENGINES...
2026-03-11 20:24:38 | INFO     | src.autonomous_agent:__init__:114 -   [+] Theory Building Engine
2026-03-11 20:24:38 | INFO     | src.theory_building_engine:__init__:65 - [THEORY] Theory Building Engine initialized
2026-03-11 20:24:38 | INFO     | src.autonomous_agent:__init__:117 -   [+] Curriculum Learning System
2026-03-11 20:24:38 | INFO     | src.curriculum_learning_system:__init__:91 - [CURRICULUM] Curriculum Learning System initialized
2026-03-11 20:24:38 | INFO     | src.autonomous_agent:__init__:120 -   [+] Knowledge Synthesis Engine
2026-03-11 20:24:38 | INFO     | src.knowledge_synthesis_engine:__init__:59 - [SYNTHESIS] Knowledge Synthesis Engine initialized
2026-03-11 20:24:38 | INFO     | src.autonomous_agent:__init__:123 -   [+] Adaptive Reasoning Engine
2026-03-11 20:24:38 | INFO     | src.adaptive_reasoning_engine:__init__:60 - [REASONING] Adaptive Reasoning Engine initialized with 10 base strategies
2026-03-11 20:24:38 | INFO     | src.autonomous_agent:__init__:126 -   [+] Capability Expansion Engine
2026-03-11 20:24:38 | INFO     | src.capability_expansion_engine:__init__:63 - [EXPANSION] Capability Expansion Engine initialized
2026-03-11 20:24:38 | INFO     | src.autonomous_agent:__init__:129 -   [+] Evolutionary Learning Engine
2026-03-11 20:24:38 | INFO     | src.evolutionary_learning:_initialize_population:104 - [EVOLUTION] Initial population created
2026-03-11 20:24:38 | INFO     | src.evolutionary_learning:__init__:57 - [EVOLUTION] Evolutionary Learning Engine initialized with population size 100
2026-03-11 20:24:38 | INFO     | src.autonomous_agent:__init__:132 -   [+] Attention System
2026-03-11 20:24:38 | INFO     | src.attention_system:__init__:56 - [ATTENTION] Attention System initialized
2026-03-11 20:24:38 | INFO     | src.autonomous_agent:__init__:135 -   [+] Architectural Modifier
2026-03-11 20:24:38 | INFO     | src.architectural_modifier:__init__:56 - [ARCHITECTURE] Architectural Modifier initialized
2026-03-11 20:24:38 | INFO     | src.autonomous_agent:__init__:146 - [INIT] Registering core capabilities...
2026-03-11 20:24:38 | INFO     | src.autonomous_agent:__init__:150 - [INIT] Registering cycle handlers...
2026-03-11 20:24:38 | INFO     | src.autonomous_agent:__init__:196 - 
2026-03-11 20:24:38 | INFO     | src.autonomous_agent:__init__:197 - ======================================================================
2026-03-11 20:24:38 | INFO     | src.autonomous_agent:__init__:198 -  GENERATION 2 AUTONOMOUS AI SYSTEM READY
2026-03-11 20:24:38 | INFO     | src.autonomous_agent:__init__:199 - ======================================================================
2026-03-11 20:24:38 | INFO     | src.autonomous_agent:__init__:200 - 
2026-03-11 20:24:38 | INFO     | src.autonomous_agent:__init__:201 -  SYSTEM LAYERS:
2026-03-11 20:24:38 | INFO     | src.autonomous_agent:__init__:202 -    [L1] Foundation: Learning, Knowledge, Memory, Reasoning
2026-03-11 20:24:38 | INFO     | src.autonomous_agent:__init__:203 -    [L2] Self-Awareness: Introspection, Bayesian, Meta-Learning
2026-03-11 20:24:38 | INFO     | src.autonomous_agent:__init__:204 -    [L3] Integration: EventBus, Monitoring, Coordination
2026-03-11 20:24:38 | INFO     | src.autonomous_agent:__init__:205 -    [L4] SUPER-LEARNING: 8 Advanced Autonomous Engines
2026-03-11 20:24:38 | INFO     | src.autonomous_agent:__init__:206 - 
2026-03-11 20:24:38 | INFO     | src.autonomous_agent:__init__:207 -  AUTONOMOUS CAPABILITIES:
2026-03-11 20:24:38 | INFO     | src.autonomous_agent:__init__:208 -    [...] Theory Building - discovers fundamental principles
2026-03-11 20:24:38 | INFO     | src.autonomous_agent:__init__:209 -    [...]Curriculum Learning - self-generates optimal learning paths
2026-03-11 20:24:38 | INFO     | src.autonomous_agent:__init__:210 -    [...] Knowledge Synthesis - combines domains for innovations
2026-03-11 20:24:38 | INFO     | src.autonomous_agent:__init__:211 -    [...] Adaptive Reasoning - autonomous strategy selection
2026-03-11 20:24:38 | INFO     | src.autonomous_agent:__init__:212 -    [...] Capability Expansion - discovers new abilities
2026-03-11 20:24:38 | INFO     | src.autonomous_agent:__init__:213 -    [...] Evolutionary Learning - evolves optimal strategies
2026-03-11 20:24:38 | INFO     | src.autonomous_agent:__init__:214 -    [...] Attention System - focuses cognitive resources
2026-03-11 20:24:38 | INFO     | src.autonomous_agent:__init__:215 -    [...] Architecture Modification - self-modifies structure
2026-03-11 20:24:38 | INFO     | src.autonomous_agent:__init__:216 - 
2026-03-11 20:24:38 | INFO     | src.autonomous_agent:__init__:217 -  NO HUMAN INTERVENTION REQUIRED
2026-03-11 20:24:38 | INFO     | src.autonomous_agent:__init__:218 -  System can continuously improve and rival current AI models
2026-03-11 20:24:38 | INFO     | src.autonomous_agent:__init__:219 - ======================================================================
2026-03-11 20:25:33 | WARNING  | src.knowledge_base:<module>:18 - sentence-transformers not available, using basic search
